<?xml version="1.0" encoding="UTF-8" ?>
<testsuite tests="3" failures="1" name="TestSuite" time="0.406" errors="0" skipped="0">
  <properties>
    <property name="java.runtime.name" value="Java(TM) SE Runtime Environment"/>
    <property name="sun.boot.library.path" value="C:\Java\jdk1.8.0_121\jre\bin"/>
    <property name="java.vm.version" value="25.121-b13"/>
    <property name="java.vm.vendor" value="Oracle Corporation"/>
    <property name="java.vendor.url" value="http://java.oracle.com/"/>
    <property name="path.separator" value=";"/>
    <property name="java.vm.name" value="Java HotSpot(TM) 64-Bit Server VM"/>
    <property name="file.encoding.pkg" value="sun.io"/>
    <property name="user.script" value=""/>
    <property name="user.country" value="CN"/>
    <property name="sun.java.launcher" value="SUN_STANDARD"/>
    <property name="sun.os.patch.level" value="Service Pack 1"/>
    <property name="java.vm.specification.name" value="Java Virtual Machine Specification"/>
    <property name="user.dir" value="F:\workspaceForIDEA\testDemo\target"/>
    <property name="java.runtime.version" value="1.8.0_121-b13"/>
    <property name="java.awt.graphicsenv" value="sun.awt.Win32GraphicsEnvironment"/>
    <property name="basedir" value="F:\workspaceForIDEA\testDemo"/>
    <property name="java.endorsed.dirs" value="C:\Java\jdk1.8.0_121\jre\lib\endorsed"/>
    <property name="os.arch" value="amd64"/>
    <property name="surefire.real.class.path" value="C:\Windows\TEMP\surefirebooter3978678884826083791.jar"/>
    <property name="java.io.tmpdir" value="C:\Windows\TEMP\"/>
    <property name="line.separator" value="
"/>
    <property name="java.vm.specification.vendor" value="Oracle Corporation"/>
    <property name="user.variant" value=""/>
    <property name="os.name" value="Windows 7"/>
    <property name="sun.jnu.encoding" value="GBK"/>
    <property name="java.library.path" value="C:\Java\jdk1.8.0_121\jre\bin;C:\Windows\Sun\Java\bin;C:\Windows\system32;C:\Windows;F:\apache-maven\apache-maven-3.5.0/bin;C:\Java\jdk1.8.0_121/bin;C:\Java\jdk1.8.0_121/bin;F:\test\jar\selenium-server-standalone-2.53.0.jar;F:\test\IEDriverServer_x64_2.44.0\IEDriverServer.exe;C:\ProgramData\Oracle\Java\javapath;F:\apache-maven\apache-maven-3.5.0\bin;C:\Java\jdk1.8.0_121\bin;C:\Java\jdk1.8.0_121\jre\bin;C:\apache\apache-jmeter-3.1\bin;C:\Windows\system32;C:\Windows;C:\Windows\System32\Wbem;C:\Windows\System32\WindowsPowerShell\v1.0\;C:\Program Files\TortoiseSVN\bin;C:\Program Files\SlikSvn\bin;C:\Program Files (x86)\GtkSharp\2.12\bin;C:\Program Files\MySQL\MySQL Utilities 1.6\;F:\adt-bundle-windows-x86-20130917\sdk\tools;F:\adt-bundle-windows-x86-20130917\sdk\platform-tools;F:\python;F:\python\Scripts;F:\python2.7;F:\python2.7\Scripts;C:\Program Files\MySQL\MySQL Server 5.7\bin;;."/>
    <property name="surefire.test.class.path" value="F:\workspaceForIDEA\testDemo\target\test-classes;F:\workspaceForIDEA\testDemo\target\classes;F:\m2\junit\junit\4.12\junit-4.12.jar;F:\m2\org\hamcrest\hamcrest-core\1.3\hamcrest-core-1.3.jar;F:\m2\org\seleniumhq\selenium\selenium-java\2.53.0\selenium-java-2.53.0.jar;F:\m2\org\seleniumhq\selenium\selenium-edge-driver\2.53.0\selenium-edge-driver-2.53.0.jar;F:\m2\org\seleniumhq\selenium\selenium-safari-driver\2.53.0\selenium-safari-driver-2.53.0.jar;F:\m2\io\netty\netty\3.5.7.Final\netty-3.5.7.Final.jar;F:\m2\org\seleniumhq\selenium\selenium-support\2.53.0\selenium-support-2.53.0.jar;F:\m2\org\seleniumhq\selenium\selenium-leg-rc\2.53.0\selenium-leg-rc-2.53.0.jar;F:\m2\org\seleniumhq\selenium\selenium-firefox-driver\2.53.0\selenium-firefox-driver-2.53.0.jar;F:\m2\org\seleniumhq\selenium\selenium-remote-driver\2.53.0\selenium-remote-driver-2.53.0.jar;F:\m2\cglib\cglib-nodep\2.1_3\cglib-nodep-2.1_3.jar;F:\m2\com\google\code\gson\gson\2.3.1\gson-2.3.1.jar;F:\m2\org\seleniumhq\selenium\selenium-api\2.53.0\selenium-api-2.53.0.jar;F:\m2\org\apache\httpcomponents\httpclient\4.5.1\httpclient-4.5.1.jar;F:\m2\org\apache\httpcomponents\httpcore\4.4.3\httpcore-4.4.3.jar;F:\m2\commons-logging\commons-logging\1.2\commons-logging-1.2.jar;F:\m2\commons-codec\commons-codec\1.9\commons-codec-1.9.jar;F:\m2\commons-io\commons-io\2.4\commons-io-2.4.jar;F:\m2\org\apache\commons\commons-exec\1.3\commons-exec-1.3.jar;F:\m2\org\seleniumhq\selenium\selenium-chrome-driver\2.53.0\selenium-chrome-driver-2.53.0.jar;F:\m2\org\seleniumhq\selenium\selenium-ie-driver\2.53.0\selenium-ie-driver-2.53.0.jar;F:\m2\net\java\dev\jna\jna\4.1.0\jna-4.1.0.jar;F:\m2\net\java\dev\jna\jna-platform\4.1.0\jna-platform-4.1.0.jar;F:\m2\org\testng\testng\6.11\testng-6.11.jar;F:\m2\com\beust\jcommander\1.64\jcommander-1.64.jar;F:\m2\org\yaml\snakeyaml\1.17\snakeyaml-1.17.jar;F:\m2\com\google\inject\guice\4.1.0\guice-4.1.0.jar;F:\m2\javax\inject\javax.inject\1\javax.inject-1.jar;F:\m2\aopalliance\aopalliance\1.0\aopalliance-1.0.jar;F:\m2\com\google\guava\guava\19.0\guava-19.0.jar;F:\m2\velocity\velocity-dep\1.4\velocity-dep-1.4.jar;F:\m2\log4j\log4j\1.2.17\log4j-1.2.17.jar;F:\m2\org\uncommons\reportng\1.1.4\reportng-1.1.4.jar;F:\m2\velocity\velocity\1.4\velocity-1.4.jar;"/>
    <property name="java.specification.name" value="Java Platform API Specification"/>
    <property name="java.class.version" value="52.0"/>
    <property name="sun.management.compiler" value="HotSpot 64-Bit Tiered Compilers"/>
    <property name="os.version" value="6.1"/>
    <property name="user.home" value="C:\Windows\system32\config\systemprofile"/>
    <property name="user.timezone" value="Asia/Shanghai"/>
    <property name="java.awt.printerjob" value="sun.awt.windows.WPrinterJob"/>
    <property name="java.specification.version" value="1.8"/>
    <property name="file.encoding" value="GBK"/>
    <property name="user.name" value="FRED1ST$"/>
    <property name="java.class.path" value="F:\workspaceForIDEA\testDemo\target\test-classes;F:\workspaceForIDEA\testDemo\target\classes;F:\m2\junit\junit\4.12\junit-4.12.jar;F:\m2\org\hamcrest\hamcrest-core\1.3\hamcrest-core-1.3.jar;F:\m2\org\seleniumhq\selenium\selenium-java\2.53.0\selenium-java-2.53.0.jar;F:\m2\org\seleniumhq\selenium\selenium-edge-driver\2.53.0\selenium-edge-driver-2.53.0.jar;F:\m2\org\seleniumhq\selenium\selenium-safari-driver\2.53.0\selenium-safari-driver-2.53.0.jar;F:\m2\io\netty\netty\3.5.7.Final\netty-3.5.7.Final.jar;F:\m2\org\seleniumhq\selenium\selenium-support\2.53.0\selenium-support-2.53.0.jar;F:\m2\org\seleniumhq\selenium\selenium-leg-rc\2.53.0\selenium-leg-rc-2.53.0.jar;F:\m2\org\seleniumhq\selenium\selenium-firefox-driver\2.53.0\selenium-firefox-driver-2.53.0.jar;F:\m2\org\seleniumhq\selenium\selenium-remote-driver\2.53.0\selenium-remote-driver-2.53.0.jar;F:\m2\cglib\cglib-nodep\2.1_3\cglib-nodep-2.1_3.jar;F:\m2\com\google\code\gson\gson\2.3.1\gson-2.3.1.jar;F:\m2\org\seleniumhq\selenium\selenium-api\2.53.0\selenium-api-2.53.0.jar;F:\m2\org\apache\httpcomponents\httpclient\4.5.1\httpclient-4.5.1.jar;F:\m2\org\apache\httpcomponents\httpcore\4.4.3\httpcore-4.4.3.jar;F:\m2\commons-logging\commons-logging\1.2\commons-logging-1.2.jar;F:\m2\commons-codec\commons-codec\1.9\commons-codec-1.9.jar;F:\m2\commons-io\commons-io\2.4\commons-io-2.4.jar;F:\m2\org\apache\commons\commons-exec\1.3\commons-exec-1.3.jar;F:\m2\org\seleniumhq\selenium\selenium-chrome-driver\2.53.0\selenium-chrome-driver-2.53.0.jar;F:\m2\org\seleniumhq\selenium\selenium-ie-driver\2.53.0\selenium-ie-driver-2.53.0.jar;F:\m2\net\java\dev\jna\jna\4.1.0\jna-4.1.0.jar;F:\m2\net\java\dev\jna\jna-platform\4.1.0\jna-platform-4.1.0.jar;F:\m2\org\testng\testng\6.11\testng-6.11.jar;F:\m2\com\beust\jcommander\1.64\jcommander-1.64.jar;F:\m2\org\yaml\snakeyaml\1.17\snakeyaml-1.17.jar;F:\m2\com\google\inject\guice\4.1.0\guice-4.1.0.jar;F:\m2\javax\inject\javax.inject\1\javax.inject-1.jar;F:\m2\aopalliance\aopalliance\1.0\aopalliance-1.0.jar;F:\m2\com\google\guava\guava\19.0\guava-19.0.jar;F:\m2\velocity\velocity-dep\1.4\velocity-dep-1.4.jar;F:\m2\log4j\log4j\1.2.17\log4j-1.2.17.jar;F:\m2\org\uncommons\reportng\1.1.4\reportng-1.1.4.jar;F:\m2\velocity\velocity\1.4\velocity-1.4.jar;"/>
    <property name="java.vm.specification.version" value="1.8"/>
    <property name="sun.arch.data.model" value="64"/>
    <property name="java.home" value="C:\Java\jdk1.8.0_121\jre"/>
    <property name="sun.java.command" value="C:\Windows\TEMP\surefirebooter3978678884826083791.jar C:\Windows\TEMP\surefire5208889342166011708tmp C:\Windows\TEMP\surefire5233261671735213108tmp"/>
    <property name="java.specification.vendor" value="Oracle Corporation"/>
    <property name="user.language" value="zh"/>
    <property name="awt.toolkit" value="sun.awt.windows.WToolkit"/>
    <property name="java.vm.info" value="mixed mode"/>
    <property name="java.version" value="1.8.0_121"/>
    <property name="java.ext.dirs" value="C:\Java\jdk1.8.0_121\jre\lib\ext;C:\Windows\Sun\Java\lib\ext"/>
    <property name="sun.boot.class.path" value="C:\Java\jdk1.8.0_121\jre\lib\resources.jar;C:\Java\jdk1.8.0_121\jre\lib\rt.jar;C:\Java\jdk1.8.0_121\jre\lib\sunrsasign.jar;C:\Java\jdk1.8.0_121\jre\lib\jsse.jar;C:\Java\jdk1.8.0_121\jre\lib\jce.jar;C:\Java\jdk1.8.0_121\jre\lib\charsets.jar;C:\Java\jdk1.8.0_121\jre\lib\jfr.jar;C:\Java\jdk1.8.0_121\jre\classes"/>
    <property name="java.vendor" value="Oracle Corporation"/>
    <property name="localRepository" value="F:\m2"/>
    <property name="file.separator" value="\"/>
    <property name="java.vendor.url.bug" value="http://bugreport.sun.com/bugreport/"/>
    <property name="sun.cpu.endian" value="little"/>
    <property name="sun.io.unicode.encoding" value="UnicodeLittle"/>
    <property name="sun.desktop" value="windows"/>
    <property name="sun.cpu.isalist" value="amd64"/>
  </properties>
  <testcase classname="com.aika.testng.tesDouban" name="tesdd" time="0.016"/>
  <testcase classname="com.aika.testng.TestBaidu" name="TestCase1" time="0">
    <failure message="expected [true] but found [false]" type="java.lang.AssertionError">java.lang.AssertionError: expected [true] but found [false]
	at org.testng.Assert.fail(Assert.java:93)
	at org.testng.Assert.failNotEquals(Assert.java:512)
	at org.testng.Assert.assertTrue(Assert.java:41)
	at org.testng.Assert.assertTrue(Assert.java:51)
	at com.aika.testng.TestBaidu.TestCase1(TestBaidu.java:24)
</failure>
  </testcase>
  <testcase classname="com.aika.testng.TestBaidu" name="TestCase2" time="0"/>
</testsuite>